Thu Jan 27 05:29:33 2022: Running xcd server. This server was built by gradle.
Thu Jan 27 05:29:33 2022: Server was asked to start on port: '43827'
Thu Jan 27 05:29:33 2022: Server is using token UUID: 'f2887a10-a9a5-45a7-aa3c-e09058924a70'
Thu Jan 27 05:29:33 2022: SESSION_MGR: creating session with session uuid: '6d04a3e9-ade5-4ab9-8d63-1f78fcd2ec76' and name 'default'
Thu Jan 27 05:29:33 2022: Attempting to start server on port '43827'
Thu Jan 27 05:29:33 2022: XCD main fifo: created main fifo '/tmp/xcdmainf2887a10-a9a5-45a7-aa3c-e09058924a70', fd read = 14
Thu Jan 27 05:29:33 2022: Running Dispatch Server
Thu Jan 27 05:29:33 2022: Version 2.2.0
Thu Jan 27 05:29:40 2022: Dispatch Server: Accepted socket connection from client
Thu Jan 27 05:29:40 2022: Starting Socket connection
Thu Jan 27 05:29:40 2022: EXCHANGE_TOKEN received, server token: f2887a10-a9a5-45a7-aa3c-e09058924a70, passed token: f2887a10-a9a5-45a7-aa3c-e09058924a70
Thu Jan 27 05:29:42 2022: DISPATCH_HANDLER: Adding handler from function makeHandler in library libxv_system_diagram
Thu Jan 27 05:29:42 2022: SESSION_MGR: creating session with session uuid: '35a6e5d9-5ac7-4e0d-8ec3-1feb926d1854' and name 'link'
Thu Jan 27 05:29:42 2022: KERNEL_SVC: creating session with uuid: '35a6e5d9-5ac7-4e0d-8ec3-1feb926d1854' and name 'link'
Thu Jan 27 05:29:42 2022: GUIDANCE_SMGR: creating guidance session with uuid: '35a6e5d9-5ac7-4e0d-8ec3-1feb926d1854' and name 'link'
Thu Jan 27 05:29:42 2022: SYSTEM_DIAGRAM_SMGR: creating diagram session with uuid: '35a6e5d9-5ac7-4e0d-8ec3-1feb926d1854' and name 'link'
Thu Jan 27 05:30:12 2022: Dispatch Server: Accepted socket connection from client
Thu Jan 27 05:30:12 2022: Starting Socket connection
Thu Jan 27 05:30:32 2022: Dispatch Server: Accepted socket connection from client
Thu Jan 27 05:30:32 2022: Starting Socket connection
Thu Jan 27 05:34:51 2022: Dispatch Server: Accepted socket connection from client
Thu Jan 27 05:34:51 2022: Starting Socket connection
Thu Jan 27 05:34:51 2022: Dispatch Server: Accepted socket connection from client
Thu Jan 27 05:34:51 2022: Starting Socket connection
Thu Jan 27 05:34:52 2022: Dispatch Server: Accepted socket connection from client
Thu Jan 27 05:34:52 2022: Starting Socket connection
Thu Jan 27 05:34:52 2022: Dispatch Server: Accepted socket connection from client
Thu Jan 27 05:34:52 2022: Starting Socket connection
Thu Jan 27 05:36:10 2022: Dispatch Server: Accepted socket connection from client
Thu Jan 27 05:36:10 2022: Starting Socket connection
Thu Jan 27 05:36:28 2022: Dispatch Server: Accepted socket connection from client
Thu Jan 27 05:36:28 2022: Starting Socket connection
Thu Jan 27 05:36:34 2022: Dispatch Server: Accepted socket connection from client
Thu Jan 27 05:36:34 2022: Starting Socket connection
Thu Jan 27 05:36:55 2022: Dispatch Server: Accepted socket connection from client
Thu Jan 27 05:36:55 2022: Starting Socket connection
Thu Jan 27 05:37:42 2022: Dispatch Server: Accepted socket connection from client
Thu Jan 27 05:37:42 2022: Starting Socket connection
Thu Jan 27 05:37:59 2022: Dispatch Server: Accepted socket connection from client
Thu Jan 27 05:37:59 2022: Starting Socket connection
Thu Jan 27 05:38:08 2022: Dispatch Server: Accepted socket connection from client
Thu Jan 27 05:38:08 2022: Starting Socket connection
Thu Jan 27 05:38:21 2022: Dispatch Server: Accepted socket connection from client
Thu Jan 27 05:38:21 2022: Starting Socket connection
Thu Jan 27 05:39:13 2022: Dispatch Server: Accepted socket connection from client
Thu Jan 27 05:39:13 2022: Starting Socket connection
Thu Jan 27 05:39:34 2022: Dispatch Server: Accepted socket connection from client
Thu Jan 27 05:39:34 2022: Starting Socket connection
Thu Jan 27 05:39:54 2022: Dispatch Server: Accepted socket connection from client
Thu Jan 27 05:39:54 2022: Starting Socket connection
Thu Jan 27 05:40:10 2022: Dispatch Server: Accepted socket connection from client
Thu Jan 27 05:40:10 2022: Starting Socket connection
Thu Jan 27 05:40:13 2022: Dispatch Server: Accepted socket connection from client
Thu Jan 27 05:40:13 2022: Starting Socket connection
Thu Jan 27 05:40:40 2022: Dispatch Server: Accepted socket connection from client
Thu Jan 27 05:40:40 2022: Starting Socket connection
Thu Jan 27 05:41:47 2022: Dispatch Server: Accepted socket connection from client
Thu Jan 27 05:41:47 2022: Starting Socket connection
Thu Jan 27 05:45:35 2022: Dispatch Server: Accepted socket connection from client
Thu Jan 27 05:45:35 2022: Starting Socket connection
Thu Jan 27 05:45:55 2022: Dispatch Server: Accepted socket connection from client
Thu Jan 27 05:45:55 2022: Starting Socket connection
Thu Jan 27 05:46:32 2022: Dispatch Server: Accepted socket connection from client
Thu Jan 27 05:46:32 2022: Starting Socket connection
Thu Jan 27 05:47:11 2022: Dispatch Server: Accepted socket connection from client
Thu Jan 27 05:47:11 2022: Starting Socket connection
Thu Jan 27 05:47:18 2022: Dispatch Server: Accepted socket connection from client
Thu Jan 27 05:47:18 2022: Starting Socket connection
Thu Jan 27 05:47:59 2022: Dispatch Server: Accepted socket connection from client
Thu Jan 27 05:47:59 2022: Starting Socket connection
Thu Jan 27 05:48:39 2022: Dispatch Server: Accepted socket connection from client
Thu Jan 27 05:48:39 2022: Starting Socket connection
Thu Jan 27 05:49:24 2022: Dispatch Server: Accepted socket connection from client
Thu Jan 27 05:49:24 2022: Starting Socket connection
Thu Jan 27 05:50:10 2022: Dispatch Server: Accepted socket connection from client
Thu Jan 27 05:50:10 2022: Starting Socket connection
Thu Jan 27 05:50:36 2022: Dispatch Server: Accepted socket connection from client
Thu Jan 27 05:50:36 2022: Starting Socket connection
Thu Jan 27 05:50:55 2022: Dispatch Server: Accepted socket connection from client
Thu Jan 27 05:50:55 2022: Starting Socket connection
Thu Jan 27 05:51:00 2022: Dispatch Server: Accepted socket connection from client
Thu Jan 27 05:51:00 2022: Starting Socket connection
Thu Jan 27 05:51:44 2022: Dispatch Server: Accepted socket connection from client
Thu Jan 27 05:51:44 2022: Starting Socket connection
Thu Jan 27 05:52:20 2022: Dispatch Server: Accepted socket connection from client
Thu Jan 27 05:52:20 2022: Starting Socket connection
Thu Jan 27 05:52:30 2022: Dispatch Server: Accepted socket connection from client
Thu Jan 27 05:52:30 2022: Starting Socket connection
Thu Jan 27 05:52:42 2022: Dispatch Server: Accepted socket connection from client
Thu Jan 27 05:52:42 2022: Starting Socket connection
Thu Jan 27 05:53:11 2022: Dispatch Server: Accepted socket connection from client
Thu Jan 27 05:53:11 2022: Starting Socket connection
Thu Jan 27 05:53:54 2022: Dispatch Server: Accepted socket connection from client
Thu Jan 27 05:53:54 2022: Starting Socket connection
Thu Jan 27 05:54:19 2022: Dispatch Server: Accepted socket connection from client
Thu Jan 27 05:54:19 2022: Starting Socket connection
Thu Jan 27 05:55:00 2022: Dispatch Server: Accepted socket connection from client
Thu Jan 27 05:55:00 2022: Starting Socket connection
Thu Jan 27 05:56:20 2022: Dispatch Server: Accepted socket connection from client
Thu Jan 27 05:56:20 2022: Starting Socket connection
Thu Jan 27 05:56:47 2022: Dispatch Server: Accepted socket connection from client
Thu Jan 27 05:56:47 2022: Starting Socket connection
Thu Jan 27 05:57:10 2022: Dispatch Server: Accepted socket connection from client
Thu Jan 27 05:57:10 2022: Starting Socket connection
Thu Jan 27 05:57:57 2022: Dispatch Server: Accepted socket connection from client
Thu Jan 27 05:57:57 2022: Starting Socket connection
Thu Jan 27 05:58:34 2022: Dispatch Server: Accepted socket connection from client
Thu Jan 27 05:58:34 2022: Starting Socket connection
Thu Jan 27 05:58:43 2022: Dispatch Server: Accepted socket connection from client
Thu Jan 27 05:58:43 2022: Starting Socket connection
Thu Jan 27 06:00:05 2022: Dispatch Server: Accepted socket connection from client
Thu Jan 27 06:00:05 2022: Starting Socket connection
Thu Jan 27 06:00:32 2022: Dispatch Server: Accepted socket connection from client
Thu Jan 27 06:00:32 2022: Starting Socket connection
Thu Jan 27 06:00:41 2022: Dispatch Server: Accepted socket connection from client
Thu Jan 27 06:00:41 2022: Starting Socket connection
Thu Jan 27 06:01:31 2022: Dispatch Server: Accepted socket connection from client
Thu Jan 27 06:01:31 2022: Starting Socket connection
Thu Jan 27 06:02:20 2022: Dispatch Server: Accepted socket connection from client
Thu Jan 27 06:02:20 2022: Starting Socket connection
Thu Jan 27 06:02:27 2022: Dispatch Server: Accepted socket connection from client
Thu Jan 27 06:02:27 2022: Starting Socket connection
Thu Jan 27 06:03:04 2022: Dispatch Server: Accepted socket connection from client
Thu Jan 27 06:03:04 2022: Starting Socket connection
Thu Jan 27 06:03:56 2022: Dispatch Server: Accepted socket connection from client
Thu Jan 27 06:03:56 2022: Starting Socket connection
Thu Jan 27 06:04:12 2022: Dispatch Server: Accepted socket connection from client
Thu Jan 27 06:04:12 2022: Starting Socket connection
Thu Jan 27 06:05:34 2022: Dispatch Server: Accepted socket connection from client
Thu Jan 27 06:05:34 2022: Starting Socket connection
Thu Jan 27 06:05:38 2022: Dispatch Server: Accepted socket connection from client
Thu Jan 27 06:05:38 2022: Starting Socket connection
Thu Jan 27 06:05:48 2022: Dispatch Server: Accepted socket connection from client
Thu Jan 27 06:05:48 2022: Starting Socket connection
Thu Jan 27 06:05:49 2022: Dispatch Server: Accepted socket connection from client
Thu Jan 27 06:05:49 2022: Starting Socket connection
Thu Jan 27 06:05:57 2022: Dispatch Server: Accepted socket connection from client
Thu Jan 27 06:05:57 2022: Starting Socket connection
Thu Jan 27 06:07:21 2022: Dispatch Server: Accepted socket connection from client
Thu Jan 27 06:07:21 2022: Starting Socket connection
Thu Jan 27 06:07:40 2022: Dispatch Server: Accepted socket connection from client
Thu Jan 27 06:07:40 2022: Starting Socket connection
Thu Jan 27 06:07:44 2022: Dispatch Server: Accepted socket connection from client
Thu Jan 27 06:07:44 2022: Starting Socket connection
Thu Jan 27 06:07:44 2022: Dispatch Server: Accepted socket connection from client
Thu Jan 27 06:07:44 2022: Starting Socket connection
Thu Jan 27 06:07:47 2022: Dispatch Server: Accepted socket connection from client
Thu Jan 27 06:07:47 2022: Starting Socket connection
Thu Jan 27 06:08:01 2022: Dispatch Server: Accepted socket connection from client
Thu Jan 27 06:08:01 2022: Starting Socket connection
Thu Jan 27 06:09:28 2022: Dispatch Server: Accepted socket connection from client
Thu Jan 27 06:09:28 2022: Starting Socket connection
Thu Jan 27 06:09:32 2022: Dispatch Server: Accepted socket connection from client
Thu Jan 27 06:09:32 2022: Starting Socket connection
Thu Jan 27 06:09:34 2022: Dispatch Server: Accepted socket connection from client
Thu Jan 27 06:09:34 2022: Starting Socket connection
Thu Jan 27 06:09:46 2022: Dispatch Server: Accepted socket connection from client
Thu Jan 27 06:09:46 2022: Starting Socket connection
Thu Jan 27 06:09:50 2022: Dispatch Server: Accepted socket connection from client
Thu Jan 27 06:09:50 2022: Starting Socket connection
Thu Jan 27 06:09:51 2022: Dispatch Server: Accepted socket connection from client
Thu Jan 27 06:09:51 2022: Starting Socket connection
Thu Jan 27 06:09:54 2022: Dispatch Server: Accepted socket connection from client
Thu Jan 27 06:09:54 2022: Starting Socket connection
Thu Jan 27 06:10:04 2022: Dispatch Server: Accepted socket connection from client
Thu Jan 27 06:10:04 2022: Starting Socket connection
Thu Jan 27 06:10:09 2022: Dispatch Server: Accepted socket connection from client
Thu Jan 27 06:10:09 2022: Starting Socket connection
Thu Jan 27 06:10:13 2022: Dispatch Server: Accepted socket connection from client
Thu Jan 27 06:10:13 2022: Starting Socket connection
Thu Jan 27 06:10:33 2022: Dispatch Server: Accepted socket connection from client
Thu Jan 27 06:10:33 2022: Starting Socket connection
Thu Jan 27 06:11:39 2022: Dispatch Server: Accepted socket connection from client
Thu Jan 27 06:11:39 2022: Starting Socket connection
Thu Jan 27 06:13:22 2022: Dispatch Server: Accepted socket connection from client
Thu Jan 27 06:13:22 2022: Starting Socket connection
Thu Jan 27 06:38:17 2022: Dispatch Server: Accepted socket connection from client
Thu Jan 27 06:38:17 2022: Starting Socket connection
Thu Jan 27 08:50:26 2022: SESSION_MGR: closing session for UUID '35a6e5d9-5ac7-4e0d-8ec3-1feb926d1854' with name 'link'
Thu Jan 27 08:50:26 2022: KERNEL_SVC: closing session for UUID '35a6e5d9-5ac7-4e0d-8ec3-1feb926d1854' with name 'link'
Thu Jan 27 08:50:26 2022: GUIDANCE_SMGR: closing session for UUID '35a6e5d9-5ac7-4e0d-8ec3-1feb926d1854' with name 'link'
Thu Jan 27 08:50:26 2022: SYSTEM_DIAGRAM_SMGR: closing session for UUID '35a6e5d9-5ac7-4e0d-8ec3-1feb926d1854' with name 'link'
