Wed Jan 26 11:36:46 2022: Running xcd server. This server was built by gradle.
Wed Jan 26 11:36:46 2022: Server was asked to start on port: '37236'
Wed Jan 26 11:36:46 2022: Server is using token UUID: '820c563e-48f6-4b29-9e32-0958dfde4591'
Wed Jan 26 11:36:46 2022: SESSION_MGR: creating session with session uuid: '6d04a3e9-ade5-4ab9-8d63-1f78fcd2ec76' and name 'default'
Wed Jan 26 11:36:46 2022: Attempting to start server on port '37236'
Wed Jan 26 11:36:46 2022: XCD main fifo: created main fifo '/tmp/xcdmain820c563e-48f6-4b29-9e32-0958dfde4591', fd read = 14
Wed Jan 26 11:36:46 2022: Running Dispatch Server
Wed Jan 26 11:36:46 2022: Version 2.2.0
Wed Jan 26 11:36:55 2022: Dispatch Server: Accepted socket connection from client
Wed Jan 26 11:36:55 2022: Starting Socket connection
Wed Jan 26 11:36:55 2022: EXCHANGE_TOKEN received, server token: 7e22de42-efc4-425e-ae03-98a099f0ca07, passed token: 7e22de42-efc4-425e-ae03-98a099f0ca07
Wed Jan 26 11:36:56 2022: DISPATCH_HANDLER: Adding handler from function makeHandler in library libxv_system_diagram
Wed Jan 26 11:36:56 2022: SESSION_MGR: creating session with session uuid: '18323ae3-baa2-4a44-9ec0-c108b44053e3' and name 'krnl_stream_vmult'
Wed Jan 26 11:36:56 2022: KERNEL_SVC: creating session with uuid: '18323ae3-baa2-4a44-9ec0-c108b44053e3' and name 'krnl_stream_vmult'
Wed Jan 26 11:36:56 2022: GUIDANCE_SMGR: creating guidance session with uuid: '18323ae3-baa2-4a44-9ec0-c108b44053e3' and name 'krnl_stream_vmult'
Wed Jan 26 11:36:56 2022: SYSTEM_DIAGRAM_SMGR: creating diagram session with uuid: '18323ae3-baa2-4a44-9ec0-c108b44053e3' and name 'krnl_stream_vmuWed Jan 26 11:37:18 2022: SESSION_MGR: closing session for UUID '4ebb1cdd-b8e8-406f-b6bc-5bf1712f6bd5' with name 'krnl_stream_vadd'
Wed Jan 26 11:37:18 2022: KERNEL_SVC: closing session for UUID '4ebb1cdd-b8e8-406f-b6bc-5bf1712f6bd5' with name 'krnl_stream_vadd'
Wed Jan 26 11:37:18 2022: GUIDANCE_SMGR: closing session for UUID '4ebb1cdd-b8e8-406f-b6bc-5bf1712f6bd5' with name 'krnl_stream_vadd'
Wed Jan 26 11:37:18 2022: SYSTEM_DIAGRAM_SMGR: closing session for UUID '4ebb1cdd-b8e8-406f-b6bc-5bf1712f6bd5' with name 'krnl_stream_vadd'
_vmult'
