
*** Running vitis_hls
    with args -f krnl_stream_vmult.tcl -messageDb vitis_hls.pb


****** Vitis HLS - High-Level Synthesis from C, C++ and OpenCL v2021.1 (64-bit)
  **** SW Build 3247384 on Thu Jun 10 19:36:07 MDT 2021
  **** IP Build 3246043 on Fri Jun 11 00:30:35 MDT 2021
    ** Copyright 1986-2021 Xilinx, Inc. All Rights Reserved.

source /opt/Xilinx/Vitis_HLS/2021.1/scripts/vitis_hls/hls.tcl -notrace
INFO: Applying HLS Y2K22 patch v1.2 for IP revision
INFO: [HLS 200-10] Running '/opt/Xilinx/Vitis_HLS/2021.1/bin/unwrapped/lnx64.o/vitis_hls'
INFO: [HLS 200-10] For user 'centos' on host 'ip-172-31-95-30.ec2.internal' (Linux_x86_64 version 3.10.0-1160.31.1.el7.x86_64) on Wed Jan 26 14:21:59 UTC 2022
INFO: [HLS 200-10] On os "CentOS Linux release 7.9.2009 (Core)"
INFO: [HLS 200-10] In directory '/home/centos/workspace/Pipe_kernels/Emulation-HW/build/krnl_stream_vmult/krnl_stream_vmult'
Sourcing Tcl script 'krnl_stream_vmult.tcl'
INFO: [HLS 200-1510] Running: open_project krnl_stream_vmult 
INFO: [HLS 200-10] Creating and opening project '/home/centos/workspace/Pipe_kernels/Emulation-HW/build/krnl_stream_vmult/krnl_stream_vmult/krnl_stream_vmult'.
INFO: [HLS 200-1510] Running: set_top krnl_stream_vmult 
INFO: [HLS 200-1510] Running: add_files /home/centos/workspace/Pipe_kernels/src/krnl_stream_vmult.cpp -cflags  -g -I /home/centos/workspace/Pipe_kernels/src  
INFO: [HLS 200-10] Adding design file '/home/centos/workspace/Pipe_kernels/src/krnl_stream_vmult.cpp' to the project
INFO: [HLS 200-1510] Running: open_solution -flow_target vitis solution 
INFO: [HLS 200-10] Creating and opening solution '/home/centos/workspace/Pipe_kernels/Emulation-HW/build/krnl_stream_vmult/krnl_stream_vmult/krnl_stream_vmult/solution'.
INFO: [HLS 200-1505] Using flow_target 'vitis'
Resolution: For help on HLS 200-1505 see www.xilinx.com/cgi-bin/docs/rdoc?v=2021.1;t=hls+guidance;d=200-1505.html
INFO: [HLS 200-435] Setting 'open_solution -flow_target vitis' configuration: config_interface -m_axi_latency=64
INFO: [HLS 200-435] Setting 'open_solution -flow_target vitis' configuration: config_interface -m_axi_alignment_byte_size=64
INFO: [HLS 200-435] Setting 'open_solution -flow_target vitis' configuration: config_interface -m_axi_max_widen_bitwidth=512
INFO: [HLS 200-435] Setting 'open_solution -flow_target vitis' configuration: config_rtl -register_reset_num=3
INFO: [HLS 200-1510] Running: set_part xcvu9p-flgb2104-2-i 
INFO: [HLS 200-1611] Setting target device to 'xcvu9p-flgb2104-2-i'
INFO: [HLS 200-1510] Running: create_clock -period 250.000000MHz -name default 
INFO: [SYN 201-201] Setting up clock 'default' with a period of 4ns.
INFO: [HLS 200-1510] Running: config_rtl -kernel_profile 
INFO: [HLS 200-1510] Running: config_dataflow -strict_mode warning 
INFO: [HLS 200-1510] Running: config_debug -enable 
INFO: [HLS 200-1510] Running: config_export -disable_deadlock_detection=true 
INFO: [HLS 200-1510] Running: config_rtl -m_axi_conservative_mode=1 
WARNING: [HLS 200-483] The 'config_rtl -m_axi_conservative_mode' command is deprecated and will be removed in a future release. Use 'config_interface -m_axi_conservative_mode' as its replacement.
INFO: [HLS 200-1510] Running: config_interface -m_axi_addr64 
INFO: [HLS 200-1510] Running: config_interface -m_axi_auto_max_ports=0 
INFO: [HLS 200-1510] Running: config_export -format ip_catalog -ipname krnl_stream_vmult 
INFO: [HLS 200-1510] Running: csynth_design 
INFO: [HLS 200-111] Finished File checks and directory preparation: CPU user time: 0.01 seconds. CPU system time: 0 seconds. Elapsed time: 0.01 seconds; current allocated memory: 108.754 MB.
INFO: [HLS 200-10] Analyzing design file '/home/centos/workspace/Pipe_kernels/src/krnl_stream_vmult.cpp' ... 
WARNING: [HLS 207-5301] unused parameter 'print': /opt/Xilinx/Vitis_HLS/2021.1/common/technology/autopilot/ap_int_base.h:792:16
INFO: [HLS 200-111] Finished Source Code Analysis and Preprocessing: CPU user time: 6.62 seconds. CPU system time: 0.57 seconds. Elapsed time: 5.39 seconds; current allocated memory: 110.299 MB.
INFO: [HLS 200-777] Using interface defaults for 'Vitis' flow target.
INFO: [HLS 214-279] Initial Interval estimation mode is set into default.
INFO: [HLS 214-284] Auto array partition mode is set into default.
INFO: [HLS 214-131] Inlining function 'hls::axis<ap_uint<32>, 0ul, 0ul, 0ul>::get_user_ptr()' into 'hls::stream<hls::axis<ap_uint<32>, 0ul, 0ul, 0ul>, 0>::read()' (/opt/Xilinx/Vitis_HLS/2021.1/common/technology/autopilot/ap_axi_sdata.h:293:50)
INFO: [HLS 214-131] Inlining function 'hls::axis<ap_uint<32>, 0ul, 0ul, 0ul>::get_dest_ptr()' into 'hls::stream<hls::axis<ap_uint<32>, 0ul, 0ul, 0ul>, 0>::read()' (/opt/Xilinx/Vitis_HLS/2021.1/common/technology/autopilot/ap_axi_sdata.h:296:25)
INFO: [HLS 214-131] Inlining function 'hls::axis<ap_uint<32>, 0ul, 0ul, 0ul>::get_id_ptr()' into 'hls::stream<hls::axis<ap_uint<32>, 0ul, 0ul, 0ul>, 0>::read()' (/opt/Xilinx/Vitis_HLS/2021.1/common/technology/autopilot/ap_axi_sdata.h:295:67)
INFO: [HLS 214-131] Inlining function 'hls::axis<ap_uint<32>, 0ul, 0ul, 0ul>::get_user_ptr()' into 'hls::stream<hls::axis<ap_uint<32>, 0ul, 0ul, 0ul>, 0>::read()' (/opt/Xilinx/Vitis_HLS/2021.1/common/technology/autopilot/ap_axi_sdata.h:295:36)
INFO: [HLS 214-131] Inlining function 'hls::axis<ap_uint<32>, 0ul, 0ul, 0ul>::get_dest_ptr()' into 'hls::stream<hls::axis<ap_uint<32>, 0ul, 0ul, 0ul>, 0>::read()' (/opt/Xilinx/Vitis_HLS/2021.1/common/technology/autopilot/ap_axi_sdata.h:294:39)
INFO: [HLS 214-131] Inlining function 'hls::axis<ap_uint<32>, 0ul, 0ul, 0ul>::get_id_ptr()' into 'hls::stream<hls::axis<ap_uint<32>, 0ul, 0ul, 0ul>, 0>::read()' (/opt/Xilinx/Vitis_HLS/2021.1/common/technology/autopilot/ap_axi_sdata.h:294:23)
INFO: [HLS 214-131] Inlining function 'hls::stream<hls::axis<ap_uint<32>, 0ul, 0ul, 0ul>, 0>::read()' into 'krnl_stream_vmult' (/home/centos/workspace/Pipe_kernels/src/krnl_stream_vmult.cpp:34:15)
INFO: [HLS 214-270] Starting automatic array partition analysis...
INFO: [HLS 214-115] Multiple burst reads of variable length and bit width 32 in loop 'vmult'(/home/centos/workspace/Pipe_kernels/src/krnl_stream_vmult.cpp:32:5) has been inferred on port 'gmem'. These bursts requests might be further partitioned into multiple requests during RTL generation, based on max_read_burst_length or max_write_burst_length settings. (/home/centos/workspace/Pipe_kernels/src/krnl_stream_vmult.cpp:32:5)
INFO: [HLS 214-115] Multiple burst writes of variable length and bit width 32 in loop 'vmult'(/home/centos/workspace/Pipe_kernels/src/krnl_stream_vmult.cpp:32:5) has been inferred on port 'gmem'. These bursts requests might be further partitioned into multiple requests during RTL generation, based on max_read_burst_length or max_write_burst_length settings. (/home/centos/workspace/Pipe_kernels/src/krnl_stream_vmult.cpp:32:5)
INFO: [HLS 200-111] Finished Compiling Optimization and Transform: CPU user time: 4.25 seconds. CPU system time: 0.38 seconds. Elapsed time: 4.63 seconds; current allocated memory: 111.676 MB.
INFO: [HLS 200-111] Finished Checking Pragmas: CPU user time: 0 seconds. CPU system time: 0 seconds. Elapsed time: 0 seconds; current allocated memory: 111.678 MB.
INFO: [HLS 200-10] Starting code transformations ...
INFO: [HLS 200-111] Finished Standard Transforms: CPU user time: 0.04 seconds. CPU system time: 0 seconds. Elapsed time: 0.05 seconds; current allocated memory: 118.831 MB.
INFO: [HLS 200-10] Checking synthesizability ...
INFO: [HLS 200-111] Finished Checking Synthesizability: CPU user time: 0.09 seconds. CPU system time: 0 seconds. Elapsed time: 0.1 seconds; current allocated memory: 128.147 MB.
INFO: [HLS 200-111] Finished Loop, function and other optimizations: CPU user time: 0.13 seconds. CPU system time: 0.02 seconds. Elapsed time: 0.14 seconds; current allocated memory: 159.368 MB.
INFO: [HLS 200-111] Finished Architecture Synthesis: CPU user time: 0.08 seconds. CPU system time: 0 seconds. Elapsed time: 0.09 seconds; current allocated memory: 166.389 MB.
INFO: [HLS 200-10] Starting hardware synthesis ...
INFO: [HLS 200-10] Synthesizing 'krnl_stream_vmult' ...
WARNING: [SYN 201-107] Renaming port name 'krnl_stream_vmult/out' to 'krnl_stream_vmult/out_r' to avoid the conflict with HDL keywords or other object names.
INFO: [HLS 200-10] ----------------------------------------------------------------
INFO: [HLS 200-42] -- Implementing module 'krnl_stream_vmult_Pipeline_vmult' 
INFO: [HLS 200-10] ----------------------------------------------------------------
INFO: [SCHED 204-11] Starting scheduling ...
INFO: [SCHED 204-61] Pipelining loop 'vmult'.
INFO: [HLS 200-1470] Pipelining result : Target II = 1, Final II = 1, Depth = 5, loop 'vmult'
INFO: [SCHED 204-11] Finished scheduling.
INFO: [HLS 200-111] Finished Scheduling: CPU user time: 0.07 seconds. CPU system time: 0.01 seconds. Elapsed time: 0.08 seconds; current allocated memory: 166.668 MB.
INFO: [BIND 205-100] Starting micro-architecture generation ...
INFO: [BIND 205-101] Performing variable lifetime analysis.
INFO: [BIND 205-101] Exploring resource sharing.
INFO: [BIND 205-101] Binding ...
INFO: [BIND 205-100] Finished micro-architecture generation.
INFO: [HLS 200-111] Finished Binding: CPU user time: 0.05 seconds. CPU system time: 0 seconds. Elapsed time: 0.05 seconds; current allocated memory: 166.865 MB.
INFO: [HLS 200-10] ----------------------------------------------------------------
INFO: [HLS 200-42] -- Implementing module 'krnl_stream_vmult' 
INFO: [HLS 200-10] ----------------------------------------------------------------
INFO: [SCHED 204-11] Starting scheduling ...
INFO: [SCHED 204-11] Finished scheduling.
INFO: [HLS 200-111] Finished Scheduling: CPU user time: 0.31 seconds. CPU system time: 0.01 seconds. Elapsed time: 0.32 seconds; current allocated memory: 167.260 MB.
INFO: [BIND 205-100] Starting micro-architecture generation ...
INFO: [BIND 205-101] Performing variable lifetime analysis.
INFO: [BIND 205-101] Exploring resource sharing.
INFO: [BIND 205-101] Binding ...
INFO: [BIND 205-100] Finished micro-architecture generation.
INFO: [HLS 200-111] Finished Binding: CPU user time: 0.76 seconds. CPU system time: 0 seconds. Elapsed time: 0.76 seconds; current allocated memory: 167.828 MB.
INFO: [HLS 200-10] ----------------------------------------------------------------
INFO: [HLS 200-10] -- Generating RTL for module 'krnl_stream_vmult_Pipeline_vmult' 
INFO: [HLS 200-10] ----------------------------------------------------------------
INFO: [HLS 200-1030] Apply Unified Pipeline Control on module 'krnl_stream_vmult_Pipeline_vmult' pipeline 'vmult' pipeline type 'loop pipeline'
WARNING: [RTGEN 206-101] Setting dangling out port 'krnl_stream_vmult_Pipeline_vmult/m_axi_gmem_AWVALID' to 0.
WARNING: [RTGEN 206-101] Setting dangling out port 'krnl_stream_vmult_Pipeline_vmult/m_axi_gmem_AWADDR' to 0.
WARNING: [RTGEN 206-101] Setting dangling out port 'krnl_stream_vmult_Pipeline_vmult/m_axi_gmem_AWID' to 0.
WARNING: [RTGEN 206-101] Setting dangling out port 'krnl_stream_vmult_Pipeline_vmult/m_axi_gmem_AWLEN' to 0.
WARNING: [RTGEN 206-101] Setting dangling out port 'krnl_stream_vmult_Pipeline_vmult/m_axi_gmem_AWSIZE' to 0.
WARNING: [RTGEN 206-101] Setting dangling out port 'krnl_stream_vmult_Pipeline_vmult/m_axi_gmem_AWBURST' to 0.
WARNING: [RTGEN 206-101] Setting dangling out port 'krnl_stream_vmult_Pipeline_vmult/m_axi_gmem_AWLOCK' to 0.
WARNING: [RTGEN 206-101] Setting dangling out port 'krnl_stream_vmult_Pipeline_vmult/m_axi_gmem_AWCACHE' to 0.
WARNING: [RTGEN 206-101] Setting dangling out port 'krnl_stream_vmult_Pipeline_vmult/m_axi_gmem_AWPROT' to 0.
WARNING: [RTGEN 206-101] Setting dangling out port 'krnl_stream_vmult_Pipeline_vmult/m_axi_gmem_AWQOS' to 0.
WARNING: [RTGEN 206-101] Setting dangling out port 'krnl_stream_vmult_Pipeline_vmult/m_axi_gmem_AWREGION' to 0.
WARNING: [RTGEN 206-101] Setting dangling out port 'krnl_stream_vmult_Pipeline_vmult/m_axi_gmem_AWUSER' to 0.
WARNING: [RTGEN 206-101] Setting dangling out port 'krnl_stream_vmult_Pipeline_vmult/m_axi_gmem_ARVALID' to 0.
WARNING: [RTGEN 206-101] Setting dangling out port 'krnl_stream_vmult_Pipeline_vmult/m_axi_gmem_ARADDR' to 0.
WARNING: [RTGEN 206-101] Setting dangling out port 'krnl_stream_vmult_Pipeline_vmult/m_axi_gmem_ARID' to 0.
WARNING: [RTGEN 206-101] Setting dangling out port 'krnl_stream_vmult_Pipeline_vmult/m_axi_gmem_ARLEN' to 0.
WARNING: [RTGEN 206-101] Setting dangling out port 'krnl_stream_vmult_Pipeline_vmult/m_axi_gmem_ARSIZE' to 0.
WARNING: [RTGEN 206-101] Setting dangling out port 'krnl_stream_vmult_Pipeline_vmult/m_axi_gmem_ARBURST' to 0.
WARNING: [RTGEN 206-101] Setting dangling out port 'krnl_stream_vmult_Pipeline_vmult/m_axi_gmem_ARLOCK' to 0.
WARNING: [RTGEN 206-101] Setting dangling out port 'krnl_stream_vmult_Pipeline_vmult/m_axi_gmem_ARCACHE' to 0.
WARNING: [RTGEN 206-101] Setting dangling out port 'krnl_stream_vmult_Pipeline_vmult/m_axi_gmem_ARPROT' to 0.
WARNING: [RTGEN 206-101] Setting dangling out port 'krnl_stream_vmult_Pipeline_vmult/m_axi_gmem_ARQOS' to 0.
WARNING: [RTGEN 206-101] Setting dangling out port 'krnl_stream_vmult_Pipeline_vmult/m_axi_gmem_ARREGION' to 0.
WARNING: [RTGEN 206-101] Setting dangling out port 'krnl_stream_vmult_Pipeline_vmult/m_axi_gmem_ARUSER' to 0.
WARNING: [RTGEN 206-101] Setting dangling out port 'krnl_stream_vmult_Pipeline_vmult/m_axi_gmem_BREADY' to 0.
INFO: [RTGEN 206-100] Generating core module 'mul_32s_32s_32_2_1': 1 instance(s).
INFO: [RTGEN 206-100] Finished creating RTL model for 'krnl_stream_vmult_Pipeline_vmult'.
INFO: [HLS 200-111] Finished Creating RTL model: CPU user time: 0.16 seconds. CPU system time: 0.01 seconds. Elapsed time: 0.18 seconds; current allocated memory: 168.421 MB.
INFO: [HLS 200-10] ----------------------------------------------------------------
INFO: [HLS 200-10] -- Generating RTL for module 'krnl_stream_vmult' 
INFO: [HLS 200-10] ----------------------------------------------------------------
WARNING: [RTGEN 206-101] Design contains AXI ports. Reset is fixed to synchronous and active low.
INFO: [RTGEN 206-500] Setting interface mode on port 'krnl_stream_vmult/gmem' to 'm_axi'.
INFO: [RTGEN 206-500] Setting interface mode on port 'krnl_stream_vmult/in1' to 's_axilite & ap_none'.
INFO: [RTGEN 206-500] Setting interface mode on port 'krnl_stream_vmult/in2_V_data_V' to 'axis' (register, both mode).
INFO: [RTGEN 206-500] Setting interface mode on port 'krnl_stream_vmult/in2_V_keep_V' to 'axis' (register, both mode).
INFO: [RTGEN 206-500] Setting interface mode on port 'krnl_stream_vmult/in2_V_strb_V' to 'axis' (register, both mode).
INFO: [RTGEN 206-500] Setting interface mode on port 'krnl_stream_vmult/in2_V_last_V' to 'axis' (register, both mode).
INFO: [RTGEN 206-500] Setting interface mode on port 'krnl_stream_vmult/out_r' to 's_axilite & ap_none'.
INFO: [RTGEN 206-500] Setting interface mode on port 'krnl_stream_vmult/size' to 's_axilite & ap_none'.
INFO: [RTGEN 206-500] Setting interface mode on function 'krnl_stream_vmult' to 's_axilite & ap_ctrl_chain'.
INFO: [RTGEN 206-100] Bundling port 'in1', 'out_r', 'size' and 'return' to AXI-Lite port control.
INFO: [RTGEN 206-100] Finished creating RTL model for 'krnl_stream_vmult'.
INFO: [HLS 200-111] Finished Creating RTL model: CPU user time: 0.21 seconds. CPU system time: 0 seconds. Elapsed time: 0.21 seconds; current allocated memory: 171.435 MB.
INFO: [HLS 200-111] Finished Generating all RTL models: CPU user time: 0.55 seconds. CPU system time: 0.02 seconds. Elapsed time: 0.56 seconds; current allocated memory: 176.560 MB.
INFO: [HLS 200-1603] Design has MAXI bursts and missed bursts, see Vitis HLS GUI synthesis summary report for detailed information.
INFO: [HLS 200-111] Finished Updating report files: CPU user time: 0.56 seconds. CPU system time: 0.03 seconds. Elapsed time: 0.59 seconds; current allocated memory: 181.740 MB.
INFO: [VHDL 208-304] Generating VHDL RTL for krnl_stream_vmult.
INFO: [VLOG 209-307] Generating Verilog RTL for krnl_stream_vmult.
INFO: [HLS 200-790] **** Loop Constraint Status: All loop constraints were satisfied.
INFO: [HLS 200-789] **** Estimated Fmax: 342.47 MHz
INFO: [HLS 200-111] Finished Command csynth_design CPU user time: 13.89 seconds. CPU system time: 1.06 seconds. Elapsed time: 13.17 seconds; current allocated memory: 181.726 MB.
INFO: [HLS 200-1510] Running: export_design 
INFO: [IMPL 213-8] Exporting RTL as a Vivado IP.

****** Vivado v2021.1 (64-bit)
  **** SW Build 3247384 on Thu Jun 10 19:36:07 MDT 2021
  **** IP Build 3246043 on Fri Jun 11 00:30:35 MDT 2021
    ** Copyright 1986-2021 Xilinx, Inc. All Rights Reserved.

source run_ippack.tcl -notrace
INFO: [IP_Flow 19-234] Refreshing IP repositories
INFO: [IP_Flow 19-1704] No user IP repositories specified
INFO: [IP_Flow 19-2313] Loaded Vivado IP repository '/opt/Xilinx/Vivado/2021.1/data/ip'.
INFO: [Common 17-206] Exiting Vivado at Wed Jan 26 14:22:29 2022...
INFO: [HLS 200-802] Generated output file krnl_stream_vmult/solution/impl/export.zip
INFO: [HLS 200-111] Finished Command export_design CPU user time: 17.59 seconds. CPU system time: 1.54 seconds. Elapsed time: 15.58 seconds; current allocated memory: 184.695 MB.
HLS completed successfully
INFO: [HLS 200-112] Total CPU user time: 32.69 seconds. Total CPU system time: 3 seconds. Total elapsed time: 29.97 seconds; peak allocated memory: 181.740 MB.
INFO: [Common 17-206] Exiting vitis_hls at Wed Jan 26 14:22:29 2022...
