# 
# Steps log generated by v++
# This log file contains a collection of steps that describe the kernel compilation flow
# Note: Some steps are tagged as internal, these steps are for debugging purposes and 
#       are not expected to be able to run independently.
# 

# The following environment variables are set when running v++
Environment variables :
------------------------------------------
DCV_GL_DISPLAY=:0.0
LIBOVERLAY_SCROLLBAR=0
_RDI_DONT_SET_XILINX_AS_PATH=True
XDG_SESSION_ID=c3
SSH_AGENT_PID=2788
HOSTNAME=ip-172-31-95-30.ec2.internal
IMSETTINGS_INTEGRATE_DESKTOP=yes
TERM=xterm-256color
XILINX_DSP=
XDG_MENU_PREFIX=gnome-
VTE_VERSION=5204
SHELL=/bin/bash
HISTSIZE=1000
MAKEFLAGS=
XILINX_RS_SESSION=f68c1771-220c-48ac-bb76-e0e313444580
MYVIVADO=
GNOME_TERMINAL_SCREEN=/org/gnome/Terminal/screen/5cfd3d4c_65ab_45c4_a4c5_a7f927297f21
RDI_TPS_ROOT=/opt/Xilinx/Vivado/2021.1/tps/lnx64
HDI_PROCESSOR=x86_64
SYNTH_COMMON=/opt/Xilinx/Vitis/2021.1/scripts/rt/data
LC_ALL=en_US.UTF-8
RDI_JAVA_VERSION=11.0.2
RT_TCL_PATH=/opt/Xilinx/Vitis/2021.1/scripts/rt/base_tcl/tcl
IMSETTINGS_MODULE=none
RDI_PREPEND_PATH=/opt/Xilinx/Vitis/2021.1/bin:/opt/Xilinx/Vitis/2021.1/bin
USER=centos
RDI_OPT_EXT=.o
LD_LIBRARY_PATH=/opt/Xilinx/Vitis/2021.1/tps/lnx64/javafx-sdk-11.0.2/lib:/opt/Xilinx/Vitis/2021.1/lib/lnx64.o/Default:/opt/Xilinx/Vitis/2021.1/lib/lnx64.o:/opt/Xilinx/Vitis/2021.1/tps/lnx64/jre11.0.2/lib/:/opt/Xilinx/Vitis/2021.1/tps/lnx64/jre11.0.2/lib//server:/opt/Xilinx/Vitis/2021.1/lib/lnx64.o/Default:/opt/Xilinx/Vitis/2021.1/lib/lnx64.o:/opt/Xilinx/Vitis/2021.1/tps/lnx64/javafx-sdk-11.0.2/lib:/opt/Xilinx/Vitis/2021.1/lib/lnx64.o/Default:/opt/Xilinx/Vitis/2021.1/lib/lnx64.o:/opt/Xilinx/Vitis/2021.1/tps/lnx64/jre11.0.2/lib/:/opt/Xilinx/Vitis/2021.1/tps/lnx64/jre11.0.2/lib//server:/opt/Xilinx/Vitis/2021.1/lib/lnx64.o:/opt/Xilinx/Vitis/2021.1/lib/lnx64.o/Default:/opt/Xilinx/Vitis/2021.1/lib/lnx64.o:/opt/Xilinx/Vitis/2021.1/tps/lnx64/python-3.8.3/lib:/opt/Xilinx/Vitis/2021.1/aietools/lib/lnx64.o:/opt/xilinx/xrt/lib::/opt/Xilinx/Vitis/2021.1/bin/../lnx64/tools/dot/lib:/opt/Xilinx/Vitis/2021.1/bin/../lnx64/tools/dot/lib
LS_COLORS=rs=0:di=38;5;27:ln=38;5;51:mh=44;38;5;15:pi=40;38;5;11:so=38;5;13:do=38;5;5:bd=48;5;232;38;5;11:cd=48;5;232;38;5;3:or=48;5;232;38;5;9:mi=05;48;5;232;38;5;15:su=48;5;196;38;5;15:sg=48;5;11;38;5;16:ca=48;5;196;38;5;226:tw=48;5;10;38;5;16:ow=48;5;10;38;5;21:st=48;5;21;38;5;15:ex=38;5;34:*.tar=38;5;9:*.tgz=38;5;9:*.arc=38;5;9:*.arj=38;5;9:*.taz=38;5;9:*.lha=38;5;9:*.lz4=38;5;9:*.lzh=38;5;9:*.lzma=38;5;9:*.tlz=38;5;9:*.txz=38;5;9:*.tzo=38;5;9:*.t7z=38;5;9:*.zip=38;5;9:*.z=38;5;9:*.Z=38;5;9:*.dz=38;5;9:*.gz=38;5;9:*.lrz=38;5;9:*.lz=38;5;9:*.lzo=38;5;9:*.xz=38;5;9:*.bz2=38;5;9:*.bz=38;5;9:*.tbz=38;5;9:*.tbz2=38;5;9:*.tz=38;5;9:*.deb=38;5;9:*.rpm=38;5;9:*.jar=38;5;9:*.war=38;5;9:*.ear=38;5;9:*.sar=38;5;9:*.rar=38;5;9:*.alz=38;5;9:*.ace=38;5;9:*.zoo=38;5;9:*.cpio=38;5;9:*.7z=38;5;9:*.rz=38;5;9:*.cab=38;5;9:*.jpg=38;5;13:*.jpeg=38;5;13:*.gif=38;5;13:*.bmp=38;5;13:*.pbm=38;5;13:*.pgm=38;5;13:*.ppm=38;5;13:*.tga=38;5;13:*.xbm=38;5;13:*.xpm=38;5;13:*.tif=38;5;13:*.tiff=38;5;13:*.png=38;5;13:*.svg=38;5;13:*.svgz=38;5;13:*.mng=38;5;13:*.pcx=38;5;13:*.mov=38;5;13:*.mpg=38;5;13:*.mpeg=38;5;13:*.m2v=38;5;13:*.mkv=38;5;13:*.webm=38;5;13:*.ogm=38;5;13:*.mp4=38;5;13:*.m4v=38;5;13:*.mp4v=38;5;13:*.vob=38;5;13:*.qt=38;5;13:*.nuv=38;5;13:*.wmv=38;5;13:*.asf=38;5;13:*.rm=38;5;13:*.rmvb=38;5;13:*.flc=38;5;13:*.avi=38;5;13:*.fli=38;5;13:*.flv=38;5;13:*.gl=38;5;13:*.dl=38;5;13:*.xcf=38;5;13:*.xwd=38;5;13:*.yuv=38;5;13:*.cgm=38;5;13:*.emf=38;5;13:*.axv=38;5;13:*.anx=38;5;13:*.ogv=38;5;13:*.ogx=38;5;13:*.aac=38;5;45:*.au=38;5;45:*.flac=38;5;45:*.mid=38;5;45:*.midi=38;5;45:*.mka=38;5;45:*.mp3=38;5;45:*.mpc=38;5;45:*.ogg=38;5;45:*.ra=38;5;45:*.wav=38;5;45:*.axa=38;5;45:*.oga=38;5;45:*.spx=38;5;45:*.xspf=38;5;45
GNOME_TERMINAL_SERVICE=:1.96
RDI_PATCHROOT=
TCL_LIBRARY=/opt/Xilinx/Vitis/2021.1/tps/tcl/tcl8.5
OXYGEN_DISABLE_INNER_SHADOWS_HACK=1
SSH_AUTH_SOCK=/run/user/1000/keyring/ssh
RDI_PLATFORM=lnx64
MAKELEVEL=1
SESSION_MANAGER=local/unix:@/tmp/.ICE-unix/2444,unix/unix:/tmp/.ICE-unix/2444
MFLAGS=
RDI_BUILD=yes
DCV_SESSION_ID=centos
RT_LIBPATH=/opt/Xilinx/Vitis/2021.1/scripts/rt/data
RDI_LIBDIR=/opt/Xilinx/Vitis/2021.1/lib/lnx64.o/Default:/opt/Xilinx/Vitis/2021.1/lib/lnx64.o
GNOME_SHELL_SESSION_MODE=classic
RDI_USE_JDK11=1
MAIL=/var/spool/mail/centos
PATH=/opt/Xilinx/Vivado/2021.1/tps/lnx64/binutils-2.26/bin:/opt/Xilinx/Vitis/2021.1/bin/../gnu/aarch64/lin/aarch64-linux/bin:/opt/Xilinx/Vitis/2021.1/bin/../gnu/ppc64le/4.9.3/lnx64/bin:/opt/Xilinx/Vitis/2021.1/bin/../gnu/aarch32/lin/gcc-arm-linux-gnueabi/bin:/opt/Xilinx/Vivado/2021.1/tps/lnx64/gcc-6.2.0/bin:/opt/Xilinx/Vivado/2021.1/gnu/microblaze/lin/bin:/opt/Xilinx/Vitis/2021.1/bin:/opt/Xilinx/Vitis/2021.1/tps/lnx64/jre11.0.2/bin:/opt/Xilinx/Vitis/2021.1/gnu/microblaze/lin/bin:/opt/Xilinx/Vitis/2021.1/gnu/microblaze/linux_toolchain/lin64_le/bin:/opt/Xilinx/Vitis/2021.1/gnu/microblaze/linux_toolchain/lin64_be/bin:/opt/Xilinx/Vitis/2021.1/gnu/arm/lin/bin:/opt/Xilinx/Vitis/2021.1/gnu/aarch64/lin/aarch64-none/bin:/opt/Xilinx/Vitis/2021.1/gnu/aarch64/lin/aarch64-linux/bin:/opt/Xilinx/Vitis/2021.1/gnu/armr5/lin/gcc-arm-none-eabi/bin:/opt/Xilinx/Vitis/2021.1/gnu/aarch32/lin/gcc-arm-none-eabi/bin:/opt/Xilinx/Vitis/2021.1/gnu/aarch32/lin/gcc-arm-linux-gnueabi/bin:/opt/Xilinx/Vitis/2021.1/tps/lnx64/cmake-3.3.2/bin::/opt/Xilinx/Vitis/2021.1/aietools/bin:/opt/Xilinx/Vivado/2021.1/bin:/opt/Xilinx/DocNav:/opt/Xilinx/Vitis_HLS/2021.1/bin:/opt/xilinx/xrt/bin:/usr/local/bin:/bin:/usr/bin:/usr/local/sbin:/usr/sbin:/srv/git/centos-git-common:/home/centos/.local/bin:/home/centos/bin
XILINX_VITIS=/opt/Xilinx/Vitis/2021.1
FREETYPE_PROPERTIES=truetype:interpreter-version=35
QT_IM_MODULE=ibus
XILINX_XRT=/opt/xilinx/xrt
PWD=/home/centos/workspace/Pipe_system_hw_link/Emulation-SW
XDG_SESSION_TYPE=x11
_LMFILES_=/usr/share/Modules/modulefiles/vitis
XMODIFIERS=@im=ibus
XIL_CHECK_TCL_DEBUG=False
LANG=en_US.UTF-8
XILINX_VIVADO_HLS=/opt/Xilinx/Vivado/2021.1
HDI_APPROOT=/opt/Xilinx/Vitis/2021.1
MODULEPATH=/usr/share/Modules/modulefiles:/etc/modulefiles
LOADEDMODULES=vitis
PYTHONHOME=/opt/Xilinx/Vitis/2021.1/tps/lnx64/python-3.8.3/
XILINX_HLS=/opt/Xilinx/Vitis_HLS/2021.1
XILINX_VIVADO=/opt/Xilinx/Vivado/2021.1
XILINX_SDK=/opt/Xilinx/Vitis/2021.1
HISTCONTROL=ignoredups
ISL_IOSTREAMS_RSA=/opt/Xilinx/Vitis/2021.1/tps/isl
SHLVL=11
HOME=/home/centos
RDI_BASEROOT=/opt/Xilinx/Vitis
GDK_CORE_DEVICE_EVENTS=1
CWD=/home/centos/workspace/Pipe_system_hw_link/Emulation-SW
LANGUAGE=en_US:en
RDI_APPROOT=/opt/Xilinx/Vitis/2021.1
PYTHONPATH=/opt/Xilinx/Vitis/2021.1/tps/lnx64/python-3.8.3/lib/python3.8/lib-dynload/:/opt/Xilinx/Vitis/2021.1/tps/lnx64/python-3.8.3/lib/python3.8/
LOGNAME=centos
RDI_JAVA_PLATFORM=
DBUS_SESSION_BUS_ADDRESS=unix:abstract=/tmp/dbus-f6xit1t5tU,guid=9eaf512cd7e0a6902402b28061f10d06
PLATFORM_REPO_PATHS=/home/centos/aws-fpga/Vitis/aws_platform/xilinx_aws-vu9p-f1_shell-v04261818_201920_2/
RDI_BINROOT=/opt/Xilinx/Vitis/2021.1/bin
XDG_DATA_DIRS=/home/centos/.local/share/flatpak/exports/share:/var/lib/flatpak/exports/share:/usr/local/share:/usr/share
MODULESHOME=/usr/share/Modules
LESSOPEN=||/usr/bin/lesspipe.sh %s
RDI_PROG=/opt/Xilinx/Vitis/2021.1/bin/unwrapped/lnx64.o/v++
XIL_NO_OVERRIDE=0
DISPLAY=:1
XDG_RUNTIME_DIR=/run/user/1000
XIL_SUPPRESS_OVERRIDE_WARNINGS=1
DCV_VIRTUAL_SESSION=1
AWS_FPGA_REPO_DIR=/home/centos/src/project_data/aws-fpga
XILINX_PLANAHEAD=/opt/Xilinx/Vitis/2021.1
XDG_CURRENT_DESKTOP=GNOME
HDIPRELDPATH=/opt/Xilinx/Vitis/2021.1/lib/lnx64.o/Default:/opt/Xilinx/Vitis/2021.1/lib/lnx64.o:/opt/Xilinx/Vitis/2021.1/tps/lnx64/javafx-sdk-11.0.2/lib:/opt/Xilinx/Vitis/2021.1/lib/lnx64.o/Default:/opt/Xilinx/Vitis/2021.1/lib/lnx64.o:/opt/Xilinx/Vitis/2021.1/tps/lnx64/jre11.0.2/lib/:/opt/Xilinx/Vitis/2021.1/tps/lnx64/jre11.0.2/lib//server:/opt/Xilinx/Vitis/2021.1/lib/lnx64.o:/opt/Xilinx/Vitis/2021.1/lib/lnx64.o/Default:/opt/Xilinx/Vitis/2021.1/lib/lnx64.o:/opt/Xilinx/Vitis/2021.1/tps/lnx64/python-3.8.3/lib:/opt/Xilinx/Vitis/2021.1/aietools/lib/lnx64.o:/opt/xilinx/xrt/lib::/opt/Xilinx/Vitis/2021.1/bin/../lnx64/tools/dot/lib:/opt/Xilinx/Vitis/2021.1/bin/../lnx64/tools/dot/lib
RDI_INSTALLVER=2021.1
XILINX_RS_PORT=33212
RDI_INSTALLROOT=/opt/Xilinx
COLORTERM=truecolor
RDI_DATADIR=/opt/Xilinx/Vitis/2021.1/data
XAUTHORITY=/run/user/1000/dcv/centos.xauth
BASH_FUNC_module()=() {  eval `/usr/bin/modulecmd bash $*`
}
_=/opt/Xilinx/Vitis/2021.1/bin/unwrapped/lnx64.o/v++
XILINX_CD_CONNECT_ID=42773
XILINX_CD_SESSION=f1479087-f111-4b95-a596-5d12c5efcb32


V++ command line:
------------------------------------------
/opt/Xilinx/Vitis/2021.1/bin/unwrapped/lnx64.o/v++ --target sw_emu --link --config ../linking.cfg --config binary_container_1-link.cfg -obinary_container_1.xclbin ../../Pipe_kernels/Emulation-SW/build/krnl_stream_vadd.xo ../../Pipe_kernels/Emulation-SW/build/krnl_stream_vmult.xo 

FINAL PROGRAM OPTIONS
--advanced.misc solution_name=link
--config ../linking.cfg
--config binary_container_1-link.cfg
--connectivity.nk krnl_stream_vadd:1:krnl_stream_vadd_1
--connectivity.nk krnl_stream_vmult:1:krnl_stream_vmult_1
--connectivity.slr krnl_stream_vadd_1:SLR1
--connectivity.slr krnl_stream_vmult_1:SLR1
--connectivity.sp krnl_stream_vadd_1.in1:DDR[0]
--connectivity.sp krnl_stream_vmult_1.out:DDR[2]
--connectivity.sp krnl_stream_vadd_1.in1:DDR[0]
--connectivity.sp krnl_stream_vmult_1.in1:DDR[2]
--connectivity.sp krnl_stream_vmult_1.out:DDR[2]
--connectivity.stream_connect krnl_stream_vadd_1.out:krnl_stream_vmult_1.in2
--debug
--input_files ../../Pipe_kernels/Emulation-SW/build/krnl_stream_vadd.xo
--input_files ../../Pipe_kernels/Emulation-SW/build/krnl_stream_vmult.xo
--link
--log_dir binary_container_1.build/logs
--messageDb binary_container_1.mdb
--optimize 0
--output binary_container_1.xclbin
--platform /home/centos/aws-fpga/Vitis/aws_platform/xilinx_aws-vu9p-f1_shell-v04261818_201920_2/xilinx_aws-vu9p-f1_shell-v04261818_201920_2.xpfm
--profile_kernel data:krnl_stream_vmult:all:all
--profile_kernel data:krnl_stream_vadd:all:all
--profile_kernel data:krnl_stream_vadd:krnl_stream_vadd_1:out:all
--profile_kernel data:krnl_stream_vmult:krnl_stream_vmult_1:in:all
--remote_ip_cache /home/centos/workspace/ip_cache
--report_dir binary_container_1.build/reports
--report_level 0
--save-temps
--target sw_emu
--temp_dir binary_container_1.build

PARSED COMMAND LINE OPTIONS
--target sw_emu 
--link 
--config ../linking.cfg 
--config binary_container_1-link.cfg 
-obinary_container_1.xclbin 
../../Pipe_kernels/Emulation-SW/build/krnl_stream_vadd.xo 
../../Pipe_kernels/Emulation-SW/build/krnl_stream_vmult.xo 

PARSED CONFIG FILE (1) OPTIONS
file: ../linking.cfg
profile_kernel data:krnl_stream_vmult:all:all 
profile_kernel data:krnl_stream_vadd:all:all 
profile_kernel data:krnl_stream_vadd:krnl_stream_vadd_1:out:all 
profile_kernel data:krnl_stream_vmult:krnl_stream_vmult_1:in:all 
connectivity.stream_connect krnl_stream_vadd_1.out:krnl_stream_vmult_1.in2 
connectivity.slr krnl_stream_vadd_1:SLR1 
connectivity.slr krnl_stream_vmult_1:SLR1 
connectivity.sp krnl_stream_vadd_1.in1:DDR[0] 
connectivity.sp krnl_stream_vmult_1.out:DDR[2] 

PARSED CONFIG FILE (2) OPTIONS
file: binary_container_1-link.cfg
platform /home/centos/aws-fpga/Vitis/aws_platform/xilinx_aws-vu9p-f1_shell-v04261818_201920_2/xilinx_aws-vu9p-f1_shell-v04261818_201920_2.xpfm 
save-temps 1 
debug 1 
messageDb binary_container_1.mdb 
temp_dir binary_container_1.build 
report_dir binary_container_1.build/reports 
log_dir binary_container_1.build/logs 
remote_ip_cache /home/centos/workspace/ip_cache 
advanced.misc solution_name=link 
connectivity.nk krnl_stream_vadd:1:krnl_stream_vadd_1 
connectivity.sp krnl_stream_vadd_1.in1:DDR[0] 
connectivity.nk krnl_stream_vmult:1:krnl_stream_vmult_1 
connectivity.sp krnl_stream_vmult_1.in1:DDR[2] 
connectivity.sp krnl_stream_vmult_1.out:DDR[2] 

EXPANDED PARAMETERS
From application of optMap.xml: 
 --vivado.prop "run.__KERNEL__.{STEPS.SYNTH_DESIGN.ARGS.MORE OPTIONS}={-directive sdx_optimization_effort_high}" --advanced.misc "report=type report_timing_summary name impl_report_timing_summary_route_design_summary steps {route_design} runs {impl_1} options {-max_paths 10}" --advanced.misc "report=type report_timing_summary name impl_report_timing_summary_post_route_phys_opt_design_summary steps {post_route_phys_opt_design} runs {impl_1} options {-max_paths 10}"

HARDWARE PLATFORM PARAMETERS
--xp param:compiler.lockFlowCritSlackThreshold=0 --xp vivado_param:hd.routingContainmentAreaExpansion=true --xp vivado_param:hd.supportClockNetCrossDiffReconfigurablePartitions=1 --xp vivado_param:bitstream.enablePR=4123 --xp vivado_param:physynth.ultraRAMOptOutput=false --xp vivado_prop:run.__KERNEL__.{STEPS.SYNTH_DESIGN.ARGS.MAX_URAM_CASCADE_HEIGHT}={1} --xp vivado_param:synth.elaboration.rodinMoreOptions={rt::set_parameter disableOregPackingUram true} 

FINAL PLATFORM PATH
/home/centos/aws-fpga/Vitis/aws_platform/xilinx_aws-vu9p-f1_shell-v04261818_201920_2/xilinx_aws-vu9p-f1_shell-v04261818_201920_2.xpfm

==========================================
new:  steps log generated by v++ for new launch 
timestamp: 26 Jan 2022 12:54:34
------------------------------------------
V++ internal step: generating xclbin xml file
timestamp: 26 Jan 2022 12:54:34
output: /home/centos/workspace/Pipe_system_hw_link/Emulation-SW/binary_container_1.build/link/int/binary_container_1.xml
------------------------------------------
V++ internal step: running regiongen
timestamp: 26 Jan 2022 12:54:34
launch dir: /home/centos/workspace/Pipe_system_hw_link/Emulation-SW/binary_container_1.build/link/int
cmd: /opt/Xilinx/Vitis/2021.1/bin/../runtime/bin/regiongen_new -v -n -m /home/centos/workspace/Pipe_system_hw_link/Emulation-SW/binary_container_1.build/link/int/binary_container_1.xml -t alg -o xcl_top
V++ internal step status: success
------------------------------------------
V++ internal step: running gcc to generate obj files for kernel source
timestamp: 26 Jan 2022 12:54:36
launch dir: /home/centos/workspace/Pipe_system_hw_link/Emulation-SW/binary_container_1.build/link/int/krnl_stream_vmult
cmd: /opt/Xilinx/Vivado/2021.1/tps/lnx64/gcc-6.2.0/bin/gcc -I . -I /opt/Xilinx/Vitis_HLS/2021.1/bin/../include -I /opt/Xilinx/Vitis_HLS/2021.1/bin/../lnx64/tools/auto_cc/include -I /opt/Xilinx/Vitis_HLS/2021.1/bin/../common/technology/autopilot/opencl -I /opt/Xilinx/Vitis/2021.1/bin/../common/technology/autopilot/opencl -std=c++14 -g -I /home/centos/workspace/Pipe_kernels/src -g -fPIC -g -c -DHLS_STREAM_THREAD_SAFE -MD -MT obj/krnl_stream_vmult.o -MP -MF obj/krnl_stream_vmult.Cd /home/centos/workspace/Pipe_system_hw_link/Emulation-SW/binary_container_1.build/link/int/xo/krnl_stream_vmult/krnl_stream_vmult/cpu_sources/krnl_stream_vmult.cpp -o obj/krnl_stream_vmult.o
V++ internal step status: success
------------------------------------------
V++ internal step: running ar to generate .csim_cu.a
timestamp: 26 Jan 2022 12:54:38
launch dir: /home/centos/workspace/Pipe_system_hw_link/Emulation-SW/binary_container_1.build/link/int/krnl_stream_vmult
cmd: /opt/Xilinx/Vivado/2021.1/tps/lnx64/binutils-2.26/bin/ar -cr /home/centos/workspace/Pipe_system_hw_link/Emulation-SW/binary_container_1.build/link/int/krnl_stream_vmult/krnl_stream_vmult.csim_cu.a /home/centos/workspace/Pipe_system_hw_link/Emulation-SW/binary_container_1.build/link/int/krnl_stream_vmult/obj/krnl_stream_vmult.o
V++ internal step status: success
------------------------------------------
V++ internal step: running gcc to generate obj files for kernel source
timestamp: 26 Jan 2022 12:54:38
launch dir: /home/centos/workspace/Pipe_system_hw_link/Emulation-SW/binary_container_1.build/link/int/krnl_stream_vadd
cmd: /opt/Xilinx/Vivado/2021.1/tps/lnx64/gcc-6.2.0/bin/gcc -I . -I /opt/Xilinx/Vitis_HLS/2021.1/bin/../include -I /opt/Xilinx/Vitis_HLS/2021.1/bin/../lnx64/tools/auto_cc/include -I /opt/Xilinx/Vitis_HLS/2021.1/bin/../common/technology/autopilot/opencl -I /opt/Xilinx/Vitis/2021.1/bin/../common/technology/autopilot/opencl -std=c++14 -g -I /home/centos/workspace/Pipe_kernels/src -g -fPIC -g -c -DHLS_STREAM_THREAD_SAFE -MD -MT obj/krnl_stream_vadd.o -MP -MF obj/krnl_stream_vadd.Cd /home/centos/workspace/Pipe_system_hw_link/Emulation-SW/binary_container_1.build/link/int/xo/krnl_stream_vadd/krnl_stream_vadd/cpu_sources/krnl_stream_vadd.cpp -o obj/krnl_stream_vadd.o
V++ internal step status: success
------------------------------------------
V++ internal step: running ar to generate .csim_cu.a
timestamp: 26 Jan 2022 12:54:40
launch dir: /home/centos/workspace/Pipe_system_hw_link/Emulation-SW/binary_container_1.build/link/int/krnl_stream_vadd
cmd: /opt/Xilinx/Vivado/2021.1/tps/lnx64/binutils-2.26/bin/ar -cr /home/centos/workspace/Pipe_system_hw_link/Emulation-SW/binary_container_1.build/link/int/krnl_stream_vadd/krnl_stream_vadd.csim_cu.a /home/centos/workspace/Pipe_system_hw_link/Emulation-SW/binary_container_1.build/link/int/krnl_stream_vadd/obj/krnl_stream_vadd.o
V++ internal step status: success
------------------------------------------
V++ internal step: compiling xcl_top.cpp to obj/xcl_top.o
timestamp: 26 Jan 2022 12:54:40
launch dir: /home/centos/workspace/Pipe_system_hw_link/Emulation-SW/binary_container_1.build/link/int
cmd: /opt/Xilinx/Vivado/2021.1/tps/lnx64/gcc-6.2.0/bin/g++ -I . -I /opt/Xilinx/Vitis_HLS/2021.1/bin/../include -I /opt/Xilinx/Vitis_HLS/2021.1/bin/../common/technology/autopilot/opencl -I /opt/Xilinx/Vitis/2021.1/bin/../common/technology/autopilot/opencl -I /opt/Xilinx/Vitis/2021.1/bin/../data/emulation/include -I /opt/Xilinx/Vitis_HLS/2021.1/bin/../lnx64/tools/auto_cc/include -fPIC -g -DHLS_STREAM_THREAD_SAFE -std=c++14 -fpermissive -c -MD -MT obj/xcl_top.o -MP -MF obj/xcl_top.CXXd xcl_top.cpp -o obj/xcl_top.o
V++ internal step status: success
------------------------------------------
V++ internal step: running g++ to generate .so
timestamp: 26 Jan 2022 12:54:41
launch dir: /home/centos/workspace/Pipe_system_hw_link/Emulation-SW/binary_container_1.build/link/int
cmd: /opt/Xilinx/Vivado/2021.1/tps/lnx64/gcc-6.2.0/bin/g++ -fPIC -DHLS_STREAM_THREAD_SAFE -std=c++14 -Wall -shared -Wl,--whole-archive,-soname,binary_container_1.so -o binary_container_1.so krnl_stream_vmult/krnl_stream_vmult.csim_cu.a krnl_stream_vadd/krnl_stream_vadd.csim_cu.a obj/xcl_top.o -Wl,--no-whole-archive -Wl,--as-needed -L /opt/Xilinx/Vitis_HLS/2021.1/bin/../lib/lnx64.o -lhlsmathsim -L /opt/Xilinx/Vitis_HLS/2021.1/bin/../lnx64/tools/fpo_v7_0 -lgmp -lmpfr -lIp_floating_point_v7_0_bitacc_cmodel -Wl,-rpath,/opt/Xilinx/Vitis_HLS/2021.1/bin/../lnx64/tools/fpo_v7_0 -L /opt/Xilinx/Vitis_HLS/2021.1/bin/../lnx64/tools/fft_v9_1 -lIp_xfft_v9_1_bitacc_cmodel -L /opt/Xilinx/Vitis_HLS/2021.1/bin/../lnx64/tools/fir_v7_0 -lgmp -lIp_fir_compiler_v7_2_bitacc_cmodel -L /opt/Xilinx/Vitis_HLS/2021.1/bin/../lnx64/lib/csim -lhlsmc++-GCC46 -L /opt/Xilinx/Vivado/2021.1/tps/lnx64/gcc-6.2.0/bin/../lib/gcc/x86_64-pc-linux-gnu/6.2.0/ -lgcov
V++ internal step status: success
------------------------------------------
V++ internal step: running xclbinutil to generate xclbin
timestamp: 26 Jan 2022 12:54:42
launch dir: /home/centos/workspace/Pipe_system_hw_link/Emulation-SW/binary_container_1.build/link/int
cmd: /opt/Xilinx/Vitis/2021.1/bin/xclbinutil --add-section BITSTREAM:RAW:/home/centos/workspace/Pipe_system_hw_link/Emulation-SW/binary_container_1.build/link/int/binary_container_1.so --force --target sw_emu --add-section :JSON:/home/centos/workspace/Pipe_system_hw_link/Emulation-SW/binary_container_1.build/link/int/binary_container_1.rtd --append-section :JSON:/home/centos/workspace/Pipe_system_hw_link/Emulation-SW/binary_container_1.build/link/int/appendSection.rtd --add-section CLOCK_FREQ_TOPOLOGY:JSON:/home/centos/workspace/Pipe_system_hw_link/Emulation-SW/binary_container_1.build/link/int/binary_container_1_xml.rtd --add-section BUILD_METADATA:JSON:/home/centos/workspace/Pipe_system_hw_link/Emulation-SW/binary_container_1.build/link/int/binary_container_1_build.rtd --add-section EMBEDDED_METADATA:RAW:/home/centos/workspace/Pipe_system_hw_link/Emulation-SW/binary_container_1.build/link/int/binary_container_1.xml --add-section DEBUG_DATA:RAW:/dev/null --output /home/centos/workspace/Pipe_system_hw_link/Emulation-SW/binary_container_1.xclbin
V++ internal step status: success
------------------------------------------
V++ internal step: running xclbinutil to generate xclbin info
timestamp: 26 Jan 2022 12:54:42
launch dir: /home/centos/workspace/Pipe_system_hw_link/Emulation-SW/binary_container_1.build/link/int
cmd: /opt/Xilinx/Vitis/2021.1/bin/xclbinutil --quiet --info --input /home/centos/workspace/Pipe_system_hw_link/Emulation-SW/binary_container_1.xclbin
V++ internal step status: success
------------------------------------------
sw emulation completed
timestamp: 26 Jan 2022 12:54:42
------------------------------------------
V++ internal step: generating system estimate report file
timestamp: 26 Jan 2022 12:54:42
output: /home/centos/workspace/Pipe_system_hw_link/Emulation-SW/binary_container_1.build/reports/link/system_estimate_binary_container_1.xtxt
V++ internal step status: success
------------------------------------------
system estimate report task completed
timestamp: 26 Jan 2022 12:54:42
