

================================================================
== Vitis HLS Report for 'krnl_stream_vadd'
================================================================
* Date:           Wed Jan 26 14:22:11 2022

* Version:        2021.1 (Build 3247384 on Thu Jun 10 19:36:07 MDT 2021)
* Project:        krnl_stream_vadd
* Solution:       solution (Vitis Kernel Flow Target)
* Product family: virtexuplus
* Target device:  xcvu9p-flgb2104-2-i


================================================================
== Performance Estimates
================================================================
+ Timing: 
    * Summary: 
    +--------+---------+----------+------------+
    |  Clock |  Target | Estimated| Uncertainty|
    +--------+---------+----------+------------+
    |ap_clk  |  4.00 ns|  2.920 ns|     1.08 ns|
    +--------+---------+----------+------------+

+ Latency: 
    * Summary: 
    +---------+---------+----------+----------+-----+-----+---------+
    |  Latency (cycles) |  Latency (absolute) |  Interval | Pipeline|
    |   min   |   max   |    min   |    max   | min | max |   Type  |
    +---------+---------+----------+----------+-----+-----+---------+
    |        ?|        ?|         ?|         ?|    ?|    ?|       no|
    +---------+---------+----------+----------+-----+-----+---------+

    + Detail: 
        * Instance: 
        N/A

        * Loop: 
        +----------+---------+---------+----------+-----------+-----------+------+----------+
        |          |  Latency (cycles) | Iteration|  Initiation Interval  | Trip |          |
        | Loop Name|   min   |   max   |  Latency |  achieved |   target  | Count| Pipelined|
        +----------+---------+---------+----------+-----------+-----------+------+----------+
        |- vadd    |        ?|        ?|        75|          2|          1|     ?|       yes|
        +----------+---------+---------+----------+-----------+-----------+------+----------+



================================================================
== Utilization Estimates
================================================================
* Summary: 
+---------------------+---------+------+---------+---------+-----+
|         Name        | BRAM_18K|  DSP |    FF   |   LUT   | URAM|
+---------------------+---------+------+---------+---------+-----+
|DSP                  |        -|     -|        -|        -|    -|
|Expression           |        -|     -|        0|      321|    -|
|FIFO                 |        -|     -|        -|        -|    -|
|Instance             |        2|     -|      726|      940|    0|
|Memory               |        -|     -|        -|        -|    -|
|Multiplexer          |        -|     -|        -|      433|    -|
|Register             |        -|     -|      436|       64|    -|
+---------------------+---------+------+---------+---------+-----+
|Total                |        2|     0|     1162|     1758|    0|
+---------------------+---------+------+---------+---------+-----+
|Available SLR        |     1440|  2280|   788160|   394080|  320|
+---------------------+---------+------+---------+---------+-----+
|Utilization SLR (%)  |       ~0|     0|       ~0|       ~0|    0|
+---------------------+---------+------+---------+---------+-----+
|Available            |     4320|  6840|  2364480|  1182240|  960|
+---------------------+---------+------+---------+---------+-----+
|Utilization (%)      |       ~0|     0|       ~0|       ~0|    0|
+---------------------+---------+------+---------+---------+-----+

+ Detail: 
    * Instance: 
    +-----------------+---------------+---------+----+-----+-----+-----+
    |     Instance    |     Module    | BRAM_18K| DSP|  FF | LUT | URAM|
    +-----------------+---------------+---------+----+-----+-----+-----+
    |control_s_axi_U  |control_s_axi  |        0|   0|  214|  360|    0|
    |gmem_m_axi_U     |gmem_m_axi     |        2|   0|  512|  580|    0|
    +-----------------+---------------+---------+----+-----+-----+-----+
    |Total            |               |        2|   0|  726|  940|    0|
    +-----------------+---------------+---------+----+-----+-----+-----+

    * DSP: 
    N/A

    * Memory: 
    N/A

    * FIFO: 
    N/A

    * Expression: 
    +------------------------------------+----------+----+---+----+------------+------------+
    |            Variable Name           | Operation| DSP| FF| LUT| Bitwidth P0| Bitwidth P1|
    +------------------------------------+----------+----+---+----+------------+------------+
    |add_ln31_fu_198_p2                  |         +|   0|  0|  39|          32|           1|
    |add_ln33_1_fu_224_p2                |         +|   0|  0|  70|          63|          63|
    |add_ln33_fu_208_p2                  |         +|   0|  0|  70|          63|          63|
    |out_r_TDATA_int_regslice            |         +|   0|  0|  39|          32|          32|
    |sub_fu_150_p2                       |         +|   0|  0|  39|          32|           2|
    |ap_block_state2_io                  |       and|   0|  0|   2|           1|           1|
    |ap_condition_667                    |       and|   0|  0|   2|           1|           1|
    |ap_ext_blocking_cur_n               |       and|   0|  0|   2|           1|           1|
    |ap_ext_blocking_n                   |       and|   0|  0|   2|           1|           2|
    |ap_int_blocking_n                   |       and|   0|  0|   2|           2|           2|
    |ap_str_blocking_cur_n               |       and|   0|  0|   2|           1|           0|
    |ap_str_blocking_n                   |       and|   0|  0|   2|           1|           2|
    |icmp_ln31_fu_192_p2                 |      icmp|   0|  0|  20|          32|          32|
    |v_last_V_fu_240_p2                  |      icmp|   0|  0|  20|          32|          32|
    |ap_block_pp0_stage0_11001           |        or|   0|  0|   2|           1|           1|
    |ap_block_pp0_stage1_01001           |        or|   0|  0|   2|           1|           1|
    |ap_block_pp0_stage1_11001           |        or|   0|  0|   2|           1|           1|
    |ap_block_state73_pp0_stage0_iter36  |        or|   0|  0|   2|           1|           1|
    |ap_enable_pp0                       |       xor|   0|  0|   2|           1|           2|
    +------------------------------------+----------+----+---+----+------------+------------+
    |Total                               |          |   0|  0| 321|         299|         240|
    +------------------------------------+----------+----+---+----+------------+------------+

    * Multiplexer: 
    +-----------------------------------+----+-----------+-----+-----------+
    |                Name               | LUT| Input Size| Bits| Total Bits|
    +-----------------------------------+----+-----------+-----+-----------+
    |ap_NS_fsm                          |  14|          3|    1|          3|
    |ap_done_int                        |   9|          2|    1|          2|
    |ap_enable_reg_pp0_iter0            |   9|          2|    1|          2|
    |ap_enable_reg_pp0_iter1            |   9|          2|    1|          2|
    |ap_enable_reg_pp0_iter37           |   9|          2|    1|          2|
    |ap_loop_exit_ready_pp0_iter10_reg  |   9|          2|    1|          2|
    |ap_loop_exit_ready_pp0_iter11_reg  |   9|          2|    1|          2|
    |ap_loop_exit_ready_pp0_iter12_reg  |   9|          2|    1|          2|
    |ap_loop_exit_ready_pp0_iter13_reg  |   9|          2|    1|          2|
    |ap_loop_exit_ready_pp0_iter14_reg  |   9|          2|    1|          2|
    |ap_loop_exit_ready_pp0_iter15_reg  |   9|          2|    1|          2|
    |ap_loop_exit_ready_pp0_iter16_reg  |   9|          2|    1|          2|
    |ap_loop_exit_ready_pp0_iter17_reg  |   9|          2|    1|          2|
    |ap_loop_exit_ready_pp0_iter18_reg  |   9|          2|    1|          2|
    |ap_loop_exit_ready_pp0_iter19_reg  |   9|          2|    1|          2|
    |ap_loop_exit_ready_pp0_iter1_reg   |   9|          2|    1|          2|
    |ap_loop_exit_ready_pp0_iter20_reg  |   9|          2|    1|          2|
    |ap_loop_exit_ready_pp0_iter21_reg  |   9|          2|    1|          2|
    |ap_loop_exit_ready_pp0_iter22_reg  |   9|          2|    1|          2|
    |ap_loop_exit_ready_pp0_iter23_reg  |   9|          2|    1|          2|
    |ap_loop_exit_ready_pp0_iter24_reg  |   9|          2|    1|          2|
    |ap_loop_exit_ready_pp0_iter25_reg  |   9|          2|    1|          2|
    |ap_loop_exit_ready_pp0_iter26_reg  |   9|          2|    1|          2|
    |ap_loop_exit_ready_pp0_iter27_reg  |   9|          2|    1|          2|
    |ap_loop_exit_ready_pp0_iter28_reg  |   9|          2|    1|          2|
    |ap_loop_exit_ready_pp0_iter29_reg  |   9|          2|    1|          2|
    |ap_loop_exit_ready_pp0_iter2_reg   |   9|          2|    1|          2|
    |ap_loop_exit_ready_pp0_iter30_reg  |   9|          2|    1|          2|
    |ap_loop_exit_ready_pp0_iter31_reg  |   9|          2|    1|          2|
    |ap_loop_exit_ready_pp0_iter32_reg  |   9|          2|    1|          2|
    |ap_loop_exit_ready_pp0_iter33_reg  |   9|          2|    1|          2|
    |ap_loop_exit_ready_pp0_iter34_reg  |   9|          2|    1|          2|
    |ap_loop_exit_ready_pp0_iter35_reg  |   9|          2|    1|          2|
    |ap_loop_exit_ready_pp0_iter36_reg  |   9|          2|    1|          2|
    |ap_loop_exit_ready_pp0_iter3_reg   |   9|          2|    1|          2|
    |ap_loop_exit_ready_pp0_iter4_reg   |   9|          2|    1|          2|
    |ap_loop_exit_ready_pp0_iter5_reg   |   9|          2|    1|          2|
    |ap_loop_exit_ready_pp0_iter6_reg   |   9|          2|    1|          2|
    |ap_loop_exit_ready_pp0_iter7_reg   |   9|          2|    1|          2|
    |ap_loop_exit_ready_pp0_iter8_reg   |   9|          2|    1|          2|
    |ap_loop_exit_ready_pp0_iter9_reg   |   9|          2|    1|          2|
    |ap_sig_allocacmp_i_1               |   9|          2|   32|         64|
    |gmem_ARADDR                        |  14|          3|   64|        192|
    |gmem_blk_n_AR                      |   9|          2|    1|          2|
    |gmem_blk_n_R                       |   9|          2|    1|          2|
    |i_fu_86                            |   9|          2|   32|         64|
    |out_r_TDATA_blk_n                  |   9|          2|    1|          2|
    +-----------------------------------+----+-----------+-----+-----------+
    |Total                              | 433|         96|  172|        409|
    +-----------------------------------+----+-----------+-----+-----------+

    * Register: 
    +-----------------------------------+----+----+-----+-----------+
    |                Name               | FF | LUT| Bits| Const Bits|
    +-----------------------------------+----+----+-----+-----------+
    |ap_CS_fsm                          |   2|   0|    2|          0|
    |ap_done_reg                        |   1|   0|    1|          0|
    |ap_enable_reg_pp0_iter0_reg        |   1|   0|    1|          0|
    |ap_enable_reg_pp0_iter1            |   1|   0|    1|          0|
    |ap_enable_reg_pp0_iter10           |   1|   0|    1|          0|
    |ap_enable_reg_pp0_iter11           |   1|   0|    1|          0|
    |ap_enable_reg_pp0_iter12           |   1|   0|    1|          0|
    |ap_enable_reg_pp0_iter13           |   1|   0|    1|          0|
    |ap_enable_reg_pp0_iter14           |   1|   0|    1|          0|
    |ap_enable_reg_pp0_iter15           |   1|   0|    1|          0|
    |ap_enable_reg_pp0_iter16           |   1|   0|    1|          0|
    |ap_enable_reg_pp0_iter17           |   1|   0|    1|          0|
    |ap_enable_reg_pp0_iter18           |   1|   0|    1|          0|
    |ap_enable_reg_pp0_iter19           |   1|   0|    1|          0|
    |ap_enable_reg_pp0_iter2            |   1|   0|    1|          0|
    |ap_enable_reg_pp0_iter20           |   1|   0|    1|          0|
    |ap_enable_reg_pp0_iter21           |   1|   0|    1|          0|
    |ap_enable_reg_pp0_iter22           |   1|   0|    1|          0|
    |ap_enable_reg_pp0_iter23           |   1|   0|    1|          0|
    |ap_enable_reg_pp0_iter24           |   1|   0|    1|          0|
    |ap_enable_reg_pp0_iter25           |   1|   0|    1|          0|
    |ap_enable_reg_pp0_iter26           |   1|   0|    1|          0|
    |ap_enable_reg_pp0_iter27           |   1|   0|    1|          0|
    |ap_enable_reg_pp0_iter28           |   1|   0|    1|          0|
    |ap_enable_reg_pp0_iter29           |   1|   0|    1|          0|
    |ap_enable_reg_pp0_iter3            |   1|   0|    1|          0|
    |ap_enable_reg_pp0_iter30           |   1|   0|    1|          0|
    |ap_enable_reg_pp0_iter31           |   1|   0|    1|          0|
    |ap_enable_reg_pp0_iter32           |   1|   0|    1|          0|
    |ap_enable_reg_pp0_iter33           |   1|   0|    1|          0|
    |ap_enable_reg_pp0_iter34           |   1|   0|    1|          0|
    |ap_enable_reg_pp0_iter35           |   1|   0|    1|          0|
    |ap_enable_reg_pp0_iter36           |   1|   0|    1|          0|
    |ap_enable_reg_pp0_iter37           |   1|   0|    1|          0|
    |ap_enable_reg_pp0_iter4            |   1|   0|    1|          0|
    |ap_enable_reg_pp0_iter5            |   1|   0|    1|          0|
    |ap_enable_reg_pp0_iter6            |   1|   0|    1|          0|
    |ap_enable_reg_pp0_iter7            |   1|   0|    1|          0|
    |ap_enable_reg_pp0_iter8            |   1|   0|    1|          0|
    |ap_enable_reg_pp0_iter9            |   1|   0|    1|          0|
    |ap_ext_blocking_n_reg              |   1|   0|    1|          0|
    |ap_int_blocking_n_reg              |   0|   0|    1|          1|
    |ap_loop_exit_ready_pp0_iter10_reg  |   1|   0|    1|          0|
    |ap_loop_exit_ready_pp0_iter11_reg  |   1|   0|    1|          0|
    |ap_loop_exit_ready_pp0_iter12_reg  |   1|   0|    1|          0|
    |ap_loop_exit_ready_pp0_iter13_reg  |   1|   0|    1|          0|
    |ap_loop_exit_ready_pp0_iter14_reg  |   1|   0|    1|          0|
    |ap_loop_exit_ready_pp0_iter15_reg  |   1|   0|    1|          0|
    |ap_loop_exit_ready_pp0_iter16_reg  |   1|   0|    1|          0|
    |ap_loop_exit_ready_pp0_iter17_reg  |   1|   0|    1|          0|
    |ap_loop_exit_ready_pp0_iter18_reg  |   1|   0|    1|          0|
    |ap_loop_exit_ready_pp0_iter19_reg  |   1|   0|    1|          0|
    |ap_loop_exit_ready_pp0_iter1_reg   |   1|   0|    1|          0|
    |ap_loop_exit_ready_pp0_iter20_reg  |   1|   0|    1|          0|
    |ap_loop_exit_ready_pp0_iter21_reg  |   1|   0|    1|          0|
    |ap_loop_exit_ready_pp0_iter22_reg  |   1|   0|    1|          0|
    |ap_loop_exit_ready_pp0_iter23_reg  |   1|   0|    1|          0|
    |ap_loop_exit_ready_pp0_iter24_reg  |   1|   0|    1|          0|
    |ap_loop_exit_ready_pp0_iter25_reg  |   1|   0|    1|          0|
    |ap_loop_exit_ready_pp0_iter26_reg  |   1|   0|    1|          0|
    |ap_loop_exit_ready_pp0_iter27_reg  |   1|   0|    1|          0|
    |ap_loop_exit_ready_pp0_iter28_reg  |   1|   0|    1|          0|
    |ap_loop_exit_ready_pp0_iter29_reg  |   1|   0|    1|          0|
    |ap_loop_exit_ready_pp0_iter2_reg   |   1|   0|    1|          0|
    |ap_loop_exit_ready_pp0_iter30_reg  |   1|   0|    1|          0|
    |ap_loop_exit_ready_pp0_iter31_reg  |   1|   0|    1|          0|
    |ap_loop_exit_ready_pp0_iter32_reg  |   1|   0|    1|          0|
    |ap_loop_exit_ready_pp0_iter33_reg  |   1|   0|    1|          0|
    |ap_loop_exit_ready_pp0_iter34_reg  |   1|   0|    1|          0|
    |ap_loop_exit_ready_pp0_iter35_reg  |   1|   0|    1|          0|
    |ap_loop_exit_ready_pp0_iter36_reg  |   1|   0|    1|          0|
    |ap_loop_exit_ready_pp0_iter3_reg   |   1|   0|    1|          0|
    |ap_loop_exit_ready_pp0_iter4_reg   |   1|   0|    1|          0|
    |ap_loop_exit_ready_pp0_iter5_reg   |   1|   0|    1|          0|
    |ap_loop_exit_ready_pp0_iter6_reg   |   1|   0|    1|          0|
    |ap_loop_exit_ready_pp0_iter7_reg   |   1|   0|    1|          0|
    |ap_loop_exit_ready_pp0_iter8_reg   |   1|   0|    1|          0|
    |ap_loop_exit_ready_pp0_iter9_reg   |   1|   0|    1|          0|
    |ap_rst_n_inv                       |   1|   0|    1|          0|
    |ap_rst_reg_1                       |   1|   0|    1|          0|
    |ap_rst_reg_2                       |   1|   0|    1|          0|
    |ap_str_blocking_n_reg              |   1|   0|    1|          0|
    |gmem_addr_1_read_reg_289           |  32|   0|   32|          0|
    |gmem_addr_1_reg_273                |  64|   0|   64|          0|
    |gmem_addr_read_reg_284             |  32|   0|   32|          0|
    |gmem_addr_reg_267                  |  64|   0|   64|          0|
    |i_fu_86                            |  32|   0|   32|          0|
    |icmp_ln31_reg_263                  |   1|   0|    1|          0|
    |v_last_V_reg_279                   |   1|   0|    1|          0|
    |icmp_ln31_reg_263                  |  64|  32|    1|          0|
    |v_last_V_reg_279                   |  64|  32|    1|          0|
    +-----------------------------------+----+----+-----+-----------+
    |Total                              | 436|  64|  311|          1|
    +-----------------------------------+----+----+-----+-----------+



================================================================
== Interface
================================================================
* Summary: 
+-----------------------+-----+-----+---------------+------------------+--------------+
|       RTL Ports       | Dir | Bits|    Protocol   |   Source Object  |    C Type    |
+-----------------------+-----+-----+---------------+------------------+--------------+
|s_axi_control_AWVALID  |   in|    1|          s_axi|           control|        scalar|
|s_axi_control_AWREADY  |  out|    1|          s_axi|           control|        scalar|
|s_axi_control_AWADDR   |   in|    6|          s_axi|           control|        scalar|
|s_axi_control_WVALID   |   in|    1|          s_axi|           control|        scalar|
|s_axi_control_WREADY   |  out|    1|          s_axi|           control|        scalar|
|s_axi_control_WDATA    |   in|   32|          s_axi|           control|        scalar|
|s_axi_control_WSTRB    |   in|    4|          s_axi|           control|        scalar|
|s_axi_control_ARVALID  |   in|    1|          s_axi|           control|        scalar|
|s_axi_control_ARREADY  |  out|    1|          s_axi|           control|        scalar|
|s_axi_control_ARADDR   |   in|    6|          s_axi|           control|        scalar|
|s_axi_control_RVALID   |  out|    1|          s_axi|           control|        scalar|
|s_axi_control_RREADY   |   in|    1|          s_axi|           control|        scalar|
|s_axi_control_RDATA    |  out|   32|          s_axi|           control|        scalar|
|s_axi_control_RRESP    |  out|    2|          s_axi|           control|        scalar|
|s_axi_control_BVALID   |  out|    1|          s_axi|           control|        scalar|
|s_axi_control_BREADY   |   in|    1|          s_axi|           control|        scalar|
|s_axi_control_BRESP    |  out|    2|          s_axi|           control|        scalar|
|ap_clk                 |   in|    1|  ap_ctrl_chain|  krnl_stream_vadd|  return value|
|ap_rst_n               |   in|    1|  ap_ctrl_chain|  krnl_stream_vadd|  return value|
|event_done             |  out|    1|  ap_ctrl_chain|  krnl_stream_vadd|  return value|
|interrupt              |  out|    1|  ap_ctrl_chain|  krnl_stream_vadd|  return value|
|event_start            |  out|    1|  ap_ctrl_chain|  krnl_stream_vadd|  return value|
|stall_start_ext        |  out|    1|  ap_ctrl_chain|  krnl_stream_vadd|  return value|
|stall_done_ext         |  out|    1|  ap_ctrl_chain|  krnl_stream_vadd|  return value|
|stall_start_str        |  out|    1|  ap_ctrl_chain|  krnl_stream_vadd|  return value|
|stall_done_str         |  out|    1|  ap_ctrl_chain|  krnl_stream_vadd|  return value|
|stall_start_int        |  out|    1|  ap_ctrl_chain|  krnl_stream_vadd|  return value|
|stall_done_int         |  out|    1|  ap_ctrl_chain|  krnl_stream_vadd|  return value|
|out_r_TREADY           |   in|    1|           axis|      out_V_last_V|       pointer|
|out_r_TVALID           |  out|    1|           axis|      out_V_last_V|       pointer|
|out_r_TLAST            |  out|    1|           axis|      out_V_last_V|       pointer|
|m_axi_gmem_AWVALID     |  out|    1|          m_axi|              gmem|       pointer|
|m_axi_gmem_AWREADY     |   in|    1|          m_axi|              gmem|       pointer|
|m_axi_gmem_AWADDR      |  out|   64|          m_axi|              gmem|       pointer|
|m_axi_gmem_AWID        |  out|    1|          m_axi|              gmem|       pointer|
|m_axi_gmem_AWLEN       |  out|    8|          m_axi|              gmem|       pointer|
|m_axi_gmem_AWSIZE      |  out|    3|          m_axi|              gmem|       pointer|
|m_axi_gmem_AWBURST     |  out|    2|          m_axi|              gmem|       pointer|
|m_axi_gmem_AWLOCK      |  out|    2|          m_axi|              gmem|       pointer|
|m_axi_gmem_AWCACHE     |  out|    4|          m_axi|              gmem|       pointer|
|m_axi_gmem_AWPROT      |  out|    3|          m_axi|              gmem|       pointer|
|m_axi_gmem_AWQOS       |  out|    4|          m_axi|              gmem|       pointer|
|m_axi_gmem_AWREGION    |  out|    4|          m_axi|              gmem|       pointer|
|m_axi_gmem_AWUSER      |  out|    1|          m_axi|              gmem|       pointer|
|m_axi_gmem_WVALID      |  out|    1|          m_axi|              gmem|       pointer|
|m_axi_gmem_WREADY      |   in|    1|          m_axi|              gmem|       pointer|
|m_axi_gmem_WDATA       |  out|   32|          m_axi|              gmem|       pointer|
|m_axi_gmem_WSTRB       |  out|    4|          m_axi|              gmem|       pointer|
|m_axi_gmem_WLAST       |  out|    1|          m_axi|              gmem|       pointer|
|m_axi_gmem_WID         |  out|    1|          m_axi|              gmem|       pointer|
|m_axi_gmem_WUSER       |  out|    1|          m_axi|              gmem|       pointer|
|m_axi_gmem_ARVALID     |  out|    1|          m_axi|              gmem|       pointer|
|m_axi_gmem_ARREADY     |   in|    1|          m_axi|              gmem|       pointer|
|m_axi_gmem_ARADDR      |  out|   64|          m_axi|              gmem|       pointer|
|m_axi_gmem_ARID        |  out|    1|          m_axi|              gmem|       pointer|
|m_axi_gmem_ARLEN       |  out|    8|          m_axi|              gmem|       pointer|
|m_axi_gmem_ARSIZE      |  out|    3|          m_axi|              gmem|       pointer|
|m_axi_gmem_ARBURST     |  out|    2|          m_axi|              gmem|       pointer|
|m_axi_gmem_ARLOCK      |  out|    2|          m_axi|              gmem|       pointer|
|m_axi_gmem_ARCACHE     |  out|    4|          m_axi|              gmem|       pointer|
|m_axi_gmem_ARPROT      |  out|    3|          m_axi|              gmem|       pointer|
|m_axi_gmem_ARQOS       |  out|    4|          m_axi|              gmem|       pointer|
|m_axi_gmem_ARREGION    |  out|    4|          m_axi|              gmem|       pointer|
|m_axi_gmem_ARUSER      |  out|    1|          m_axi|              gmem|       pointer|
|m_axi_gmem_RVALID      |   in|    1|          m_axi|              gmem|       pointer|
|m_axi_gmem_RREADY      |  out|    1|          m_axi|              gmem|       pointer|
|m_axi_gmem_RDATA       |   in|   32|          m_axi|              gmem|       pointer|
|m_axi_gmem_RLAST       |   in|    1|          m_axi|              gmem|       pointer|
|m_axi_gmem_RID         |   in|    1|          m_axi|              gmem|       pointer|
|m_axi_gmem_RUSER       |   in|    1|          m_axi|              gmem|       pointer|
|m_axi_gmem_RRESP       |   in|    2|          m_axi|              gmem|       pointer|
|m_axi_gmem_BVALID      |   in|    1|          m_axi|              gmem|       pointer|
|m_axi_gmem_BREADY      |  out|    1|          m_axi|              gmem|       pointer|
|m_axi_gmem_BRESP       |   in|    2|          m_axi|              gmem|       pointer|
|m_axi_gmem_BID         |   in|    1|          m_axi|              gmem|       pointer|
|m_axi_gmem_BUSER       |   in|    1|          m_axi|              gmem|       pointer|
|out_r_TDATA            |  out|   32|           axis|      out_V_data_V|       pointer|
|out_r_TKEEP            |  out|    4|           axis|      out_V_keep_V|       pointer|
|out_r_TSTRB            |  out|    4|           axis|      out_V_strb_V|       pointer|
+-----------------------+-----+-----+---------------+------------------+--------------+

