Wed Jan 26 14:21:41 2022: Running xcd server. This server was built by gradle.
Wed Jan 26 14:21:41 2022: Server was asked to start on port: '42975'
Wed Jan 26 14:21:41 2022: Server is using token UUID: 'f99ba129-953c-46bf-8582-60e1269a884b'
Wed Jan 26 14:21:41 2022: SESSION_MGR: creating session with session uuid: '6d04a3e9-ade5-4ab9-8d63-1f78fcd2ec76' and name 'default'
Wed Jan 26 14:21:41 2022: Attempting to start server on port '42975'
Wed Jan 26 14:21:41 2022: XCD main fifo: created main fifo '/tmp/xcdmainf99ba129-953c-46bf-8582-60e1269a884b', fd read = 13
Wed Jan 26 14:21:41 2022: Running Dispatch Server
Wed Jan 26 14:21:41 2022: Version 2.2.0
Wed Jan 26 14:21:48 2022: Dispatch Server: Accepted socket connection from client
Wed Jan 26 14:21:48 2022: Starting Socket connection
Wed Jan 26 14:21:48 2022: EXCHANGE_TOKEN received, server token: f99ba129-953c-46bf-8582-60e1269a884b, passed token: f99ba129-953c-46bf-8582-60e1269a884b
Wed Jan 26 14:21:50 2022: DISPATCH_HANDLER: Adding handler from function makeHandler in library libxv_system_diagram
Wed Jan 26 14:21:50 2022: SESSION_MGR: creating session with session uuid: '689e8e6e-267b-4020-a72e-962375236ca1' and name 'krnl_stream_vadd'
Wed Jan 26 14:21:50 2022: KERNEL_SVC: creating session with uuid: '689e8e6e-267b-4020-a72e-962375236ca1' and name 'krnl_stream_vadd'
Wed Jan 26 14:21:50 2022: GUIDANCE_SMGR: creating guidance session with uuid: '689e8e6e-267b-4020-a72e-962375236ca1' and name 'krnl_stream_vadd'
Wed Jan 26 14:21:50 2022: SYSTEM_DIAGRAM_SMGR: creating diagram session with uuid: '689e8e6e-267b-4020-a72e-962375236ca1' and name 'krnl_stream_vadd'
Wed Wed Jan 26 14:22:29 2022: SESSION_MGR: closing session for UUID 'a8104f09-fbaf-48ee-8dad-76cf4cb108f9' with name 'krnl_stream_vmult'
Wed Jan 26 14:22:29 2022: KERNEL_SVC: closing session for UUID 'a8104f09-fbaf-48ee-8dad-76cf4cb108f9' with name 'krnl_stream_vmult'
Wed Jan 26 14:22:29 2022: GUIDANCE_SMGR: closing session for UUID 'a8104f09-fbaf-48ee-8dad-76cf4cb108f9' with name 'krnl_stream_vmult'
Wed Jan 26 14:22:29 2022: SYSTEM_DIAGRAM_SMGR: closing session for UUID 'a8104f09-fbaf-48ee-8dad-76cf4cb108f9' with name 'krnl_stream_vmult'
